<?xml version="1.0" encoding="UTF-8"?>
<!-- Generated by org.testng.reporters.JUnitReportReporter -->
<testsuite skipped="0" hostname="admin-PC" name="com.learnautomation.testcases.LoginTestCRM" tests="1" failures="0" timestamp="18 Feb 2019 16:40:18 GMT" time="22.813" errors="0">
  <testcase name="loginPage" time="22.813" classname="com.learnautomation.testcases.LoginTestCRM"/>
</testsuite> <!-- com.learnautomation.testcases.LoginTestCRM -->
